{
  "stats": {
    "suites": 67,
    "tests": 202,
    "passes": 170,
    "pending": 0,
    "failures": 32,
    "start": "2026-05-03T16:11:14.800Z",
    "end": "2026-05-03T16:11:15.083Z",
    "duration": 283,
    "testsRegistered": 202,
    "passPercent": 84.15841584158416,
    "pendingPercent": 0,
    "other": 0,
    "hasOther": false,
    "skipped": 0,
    "hasSkipped": false
  },
  "results": [
    {
      "uuid": "b0230bbf-64b1-4158-af33-cc25f6c4f24c",
      "title": "",
      "fullFile": "",
      "file": "",
      "beforeHooks": [],
      "afterHooks": [],
      "tests": [],
      "suites": [
        {
          "uuid": "5358117e-4708-47a7-8ca1-144b58d2b6cd",
          "title": "add.js tests",
          "fullFile": "C:\\Users\\n12445207\\qut-software-testing\\test\\add.test.js",
          "file": "\\test\\add.test.js",
          "beforeHooks": [],
          "afterHooks": [],
          "tests": [
            {
              "title": "should return 2 when 1+1 are added",
              "fullTitle": "add.js tests should return 2 when 1+1 are added",
              "timedOut": false,
              "duration": 1,
              "state": "passed",
              "speed": "fast",
              "pass": true,
              "fail": false,
              "pending": false,
              "context": null,
              "code": "assert.equal(2, add(1, 1));",
              "err": {},
              "uuid": "2709e21d-6623-4d19-9845-ffe76d676874",
              "parentUUID": "5358117e-4708-47a7-8ca1-144b58d2b6cd",
              "isHook": false,
              "skipped": false
            },
            {
              "title": "should return 1 when 0 and 1 are added",
              "fullTitle": "add.js tests should return 1 when 0 and 1 are added",
              "timedOut": false,
              "duration": 0,
              "state": "passed",
              "speed": "fast",
              "pass": true,
              "fail": false,
              "pending": false,
              "context": null,
              "code": "assert.equal(1, add(0, 1));",
              "err": {},
              "uuid": "9405a3c5-9e9a-47e6-a3d7-1d79d1e13643",
              "parentUUID": "5358117e-4708-47a7-8ca1-144b58d2b6cd",
              "isHook": false,
              "skipped": false
            },
            {
              "title": "should return max integer + 1",
              "fullTitle": "add.js tests should return max integer + 1",
              "timedOut": false,
              "duration": 0,
              "state": "passed",
              "speed": "fast",
              "pass": true,
              "fail": false,
              "pending": false,
              "context": null,
              "code": "assert.equal(Number.MAX_SAFE_INTEGER + 1, add(Number.MAX_SAFE_INTEGER, 1));",
              "err": {},
              "uuid": "d444e4a9-28c9-44ba-badd-b2fdd601828d",
              "parentUUID": "5358117e-4708-47a7-8ca1-144b58d2b6cd",
              "isHook": false,
              "skipped": false
            },
            {
              "title": "return value is a number",
              "fullTitle": "add.js tests return value is a number",
              "timedOut": false,
              "duration": 1,
              "state": "passed",
              "speed": "fast",
              "pass": true,
              "fail": false,
              "pending": false,
              "context": null,
              "code": "assert.isNumber(add(), Number);",
              "err": {},
              "uuid": "b530cb39-328d-48d8-93a1-cdffbb32b81b",
              "parentUUID": "5358117e-4708-47a7-8ca1-144b58d2b6cd",
              "isHook": false,
              "skipped": false
            }
          ],
          "suites": [],
          "passes": [
            "2709e21d-6623-4d19-9845-ffe76d676874",
            "9405a3c5-9e9a-47e6-a3d7-1d79d1e13643",
            "d444e4a9-28c9-44ba-badd-b2fdd601828d",
            "b530cb39-328d-48d8-93a1-cdffbb32b81b"
          ],
          "failures": [],
          "pending": [],
          "skipped": [],
          "duration": 2,
          "root": false,
          "rootEmpty": false,
          "_timeout": 2000
        },
        {
          "uuid": "711ab332-eade-43bd-a63d-aa1b6143dd16",
          "title": "at.js tests",
          "fullFile": "C:\\Users\\n12445207\\qut-software-testing\\test\\at.test.js",
          "file": "\\test\\at.test.js",
          "beforeHooks": [],
          "afterHooks": [],
          "tests": [
            {
              "title": "should return array with string",
              "fullTitle": "at.js tests should return array with string",
              "timedOut": false,
              "duration": 2,
              "state": "passed",
              "speed": "fast",
              "pass": true,
              "fail": false,
              "pending": false,
              "context": null,
              "code": "const testObject = { \"hello\": \"world\" };\nconst testPath = \"hello\";\n\nconst returnValue = at(testObject, testPath);\n\nassert.typeOf(returnValue, \"array\", \"return value is an array\");\n\nassert.deepEqual(returnValue, [\"world\"]);",
              "err": {},
              "uuid": "167c30d5-3ef0-4718-90ec-1570f25cd8e5",
              "parentUUID": "711ab332-eade-43bd-a63d-aa1b6143dd16",
              "isHook": false,
              "skipped": false
            },
            {
              "title": "should return an array with picked values",
              "fullTitle": "at.js tests should return an array with picked values",
              "timedOut": false,
              "duration": 1,
              "state": "passed",
              "speed": "fast",
              "pass": true,
              "fail": false,
              "pending": false,
              "context": null,
              "code": "const testObject = { 'a': [{ 'b': { 'c': 3 } }, 4, 2] };\n\nassert.deepEqual(at(testObject, [\"a[0]\", \"a[2]\"]), [{ 'b': { 'c': 3 } }, 2]);",
              "err": {},
              "uuid": "8b834453-8ec5-4fe9-bdc7-b34b78d1a666",
              "parentUUID": "711ab332-eade-43bd-a63d-aa1b6143dd16",
              "isHook": false,
              "skipped": false
            },
            {
              "title": "return value is an array",
              "fullTitle": "at.js tests return value is an array",
              "timedOut": false,
              "duration": 1,
              "state": "passed",
              "speed": "fast",
              "pass": true,
              "fail": false,
              "pending": false,
              "context": null,
              "code": "assert.isArray(at([]), Array);",
              "err": {},
              "uuid": "ba4e1a95-0f53-4615-99f5-c791a53ac47f",
              "parentUUID": "711ab332-eade-43bd-a63d-aa1b6143dd16",
              "isHook": false,
              "skipped": false
            }
          ],
          "suites": [],
          "passes": [
            "167c30d5-3ef0-4718-90ec-1570f25cd8e5",
            "8b834453-8ec5-4fe9-bdc7-b34b78d1a666",
            "ba4e1a95-0f53-4615-99f5-c791a53ac47f"
          ],
          "failures": [],
          "pending": [],
          "skipped": [],
          "duration": 4,
          "root": false,
          "rootEmpty": false,
          "_timeout": 2000
        },
        {
          "uuid": "dcad84ce-82cf-415d-aa70-52b4eb7473ab",
          "title": "camelCase.js tests",
          "fullFile": "C:\\Users\\n12445207\\qut-software-testing\\test\\camelCase.test.js",
          "file": "\\test\\camelCase.test.js",
          "beforeHooks": [],
          "afterHooks": [],
          "tests": [],
          "suites": [
            {
              "uuid": "fb92a13a-22cb-4491-a6a1-7c600df9ea24",
              "title": "Should return camelCased string from any string",
              "fullFile": "C:\\Users\\n12445207\\qut-software-testing\\test\\camelCase.test.js",
              "file": "\\test\\camelCase.test.js",
              "beforeHooks": [],
              "afterHooks": [],
              "tests": [
                {
                  "title": "with a spacebar",
                  "fullTitle": "camelCase.js tests Should return camelCased string from any string with a spacebar",
                  "timedOut": false,
                  "duration": 1,
                  "state": "passed",
                  "speed": "fast",
                  "pass": true,
                  "fail": false,
                  "pending": false,
                  "context": null,
                  "code": "assert.equal(camelCase(\"Foo Bar\"), expectedString);",
                  "err": {},
                  "uuid": "472e0110-062f-4d61-afaa-598ff0c7cb6a",
                  "parentUUID": "fb92a13a-22cb-4491-a6a1-7c600df9ea24",
                  "isHook": false,
                  "skipped": false
                },
                {
                  "title": "with lines",
                  "fullTitle": "camelCase.js tests Should return camelCased string from any string with lines",
                  "timedOut": false,
                  "duration": 1,
                  "state": "passed",
                  "speed": "fast",
                  "pass": true,
                  "fail": false,
                  "pending": false,
                  "context": null,
                  "code": "assert.equal(camelCase(\"--foo-bar--\"), expectedString);",
                  "err": {},
                  "uuid": "83e5797a-e1ad-4420-a266-13d830a11ce3",
                  "parentUUID": "fb92a13a-22cb-4491-a6a1-7c600df9ea24",
                  "isHook": false,
                  "skipped": false
                },
                {
                  "title": "with underscores",
                  "fullTitle": "camelCase.js tests Should return camelCased string from any string with underscores",
                  "timedOut": false,
                  "duration": 0,
                  "state": "passed",
                  "speed": "fast",
                  "pass": true,
                  "fail": false,
                  "pending": false,
                  "context": null,
                  "code": "assert.equal(camelCase(\"__FOO_BAR__ \"), expectedString);",
                  "err": {},
                  "uuid": "27d7b299-8f27-42a9-8865-cfe9224f17a7",
                  "parentUUID": "fb92a13a-22cb-4491-a6a1-7c600df9ea24",
                  "isHook": false,
                  "skipped": false
                },
                {
                  "title": "return value is a string",
                  "fullTitle": "camelCase.js tests Should return camelCased string from any string return value is a string",
                  "timedOut": false,
                  "duration": 0,
                  "state": "passed",
                  "speed": "fast",
                  "pass": true,
                  "fail": false,
                  "pending": false,
                  "context": null,
                  "code": "assert.typeOf(camelCase(\"abba\"), \"string\");",
                  "err": {},
                  "uuid": "fccbaa32-bd1b-43e1-8167-c3a667641b78",
                  "parentUUID": "fb92a13a-22cb-4491-a6a1-7c600df9ea24",
                  "isHook": false,
                  "skipped": false
                }
              ],
              "suites": [],
              "passes": [
                "472e0110-062f-4d61-afaa-598ff0c7cb6a",
                "83e5797a-e1ad-4420-a266-13d830a11ce3",
                "27d7b299-8f27-42a9-8865-cfe9224f17a7",
                "fccbaa32-bd1b-43e1-8167-c3a667641b78"
              ],
              "failures": [],
              "pending": [],
              "skipped": [],
              "duration": 2,
              "root": false,
              "rootEmpty": false,
              "_timeout": 2000
            }
          ],
          "passes": [],
          "failures": [],
          "pending": [],
          "skipped": [],
          "duration": 0,
          "root": false,
          "rootEmpty": false,
          "_timeout": 2000
        },
        {
          "uuid": "dd3fac92-c8fd-4958-b664-e612e9a02efd",
          "title": "capitalize.js tests",
          "fullFile": "C:\\Users\\n12445207\\qut-software-testing\\test\\capitalize.test.js",
          "file": "\\test\\capitalize.test.js",
          "beforeHooks": [],
          "afterHooks": [],
          "tests": [],
          "suites": [
            {
              "uuid": "9005dca7-5806-409b-abe7-0eceea009648",
              "title": "Should converts the first character of `string` to upper case and the remaining to lower case",
              "fullFile": "C:\\Users\\n12445207\\qut-software-testing\\test\\capitalize.test.js",
              "file": "\\test\\capitalize.test.js",
              "beforeHooks": [],
              "afterHooks": [],
              "tests": [
                {
                  "title": "should return the first character of `string` to upper case when all characters  of `string` are upper case",
                  "fullTitle": "capitalize.js tests Should converts the first character of `string` to upper case and the remaining to lower case should return the first character of `string` to upper case when all characters  of `string` are upper case",
                  "timedOut": false,
                  "duration": 0,
                  "state": "passed",
                  "speed": "fast",
                  "pass": true,
                  "fail": false,
                  "pending": false,
                  "context": null,
                  "code": "assert.equal(capitalize(\"FRED\"), expectedFredOutput);",
                  "err": {},
                  "uuid": "87a0dc5b-628a-448c-a937-5d540e109e47",
                  "parentUUID": "9005dca7-5806-409b-abe7-0eceea009648",
                  "isHook": false,
                  "skipped": false
                },
                {
                  "title": "should return the first character of `string` to upper case when all characters  of `string` are lower case",
                  "fullTitle": "capitalize.js tests Should converts the first character of `string` to upper case and the remaining to lower case should return the first character of `string` to upper case when all characters  of `string` are lower case",
                  "timedOut": false,
                  "duration": 0,
                  "state": "passed",
                  "speed": "fast",
                  "pass": true,
                  "fail": false,
                  "pending": false,
                  "context": null,
                  "code": "assert.equal(capitalize(\"fred\"), expectedFredOutput);",
                  "err": {},
                  "uuid": "0d501267-7715-479f-9979-6304fe7f3871",
                  "parentUUID": "9005dca7-5806-409b-abe7-0eceea009648",
                  "isHook": false,
                  "skipped": false
                },
                {
                  "title": "should return the string as it is when first characters of `string` are number and then it is lower case",
                  "fullTitle": "capitalize.js tests Should converts the first character of `string` to upper case and the remaining to lower case should return the string as it is when first characters of `string` are number and then it is lower case",
                  "timedOut": false,
                  "duration": 2,
                  "state": "passed",
                  "speed": "fast",
                  "pass": true,
                  "fail": false,
                  "pending": false,
                  "context": null,
                  "code": "assert.equal(capitalize(\"123aba\"), expectedAbaOutput);",
                  "err": {},
                  "uuid": "488c0526-2afc-416c-a706-12d5947b35e8",
                  "parentUUID": "9005dca7-5806-409b-abe7-0eceea009648",
                  "isHook": false,
                  "skipped": false
                },
                {
                  "title": "return value is a string",
                  "fullTitle": "capitalize.js tests Should converts the first character of `string` to upper case and the remaining to lower case return value is a string",
                  "timedOut": false,
                  "duration": 0,
                  "state": "passed",
                  "speed": "fast",
                  "pass": true,
                  "fail": false,
                  "pending": false,
                  "context": null,
                  "code": "assert.isString(capitalize(\"\"), String);",
                  "err": {},
                  "uuid": "43fb3139-d990-42cd-9de5-77b17a2f62fb",
                  "parentUUID": "9005dca7-5806-409b-abe7-0eceea009648",
                  "isHook": false,
                  "skipped": false
                }
              ],
              "suites": [],
              "passes": [
                "87a0dc5b-628a-448c-a937-5d540e109e47",
                "0d501267-7715-479f-9979-6304fe7f3871",
                "488c0526-2afc-416c-a706-12d5947b35e8",
                "43fb3139-d990-42cd-9de5-77b17a2f62fb"
              ],
              "failures": [],
              "pending": [],
              "skipped": [],
              "duration": 2,
              "root": false,
              "rootEmpty": false,
              "_timeout": 2000
            }
          ],
          "passes": [],
          "failures": [],
          "pending": [],
          "skipped": [],
          "duration": 0,
          "root": false,
          "rootEmpty": false,
          "_timeout": 2000
        },
        {
          "uuid": "2fc702c5-1160-446a-b1ba-bc5bde40a58c",
          "title": "castArray.js tests",
          "fullFile": "C:\\Users\\n12445207\\qut-software-testing\\test\\castArray.test.js",
          "file": "\\test\\castArray.test.js",
          "beforeHooks": [],
          "afterHooks": [],
          "tests": [],
          "suites": [
            {
              "uuid": "41ec9ef0-7d8e-4ace-81d3-eacd5b1f7d47",
              "title": "Should return values in an array",
              "fullFile": "C:\\Users\\n12445207\\qut-software-testing\\test\\castArray.test.js",
              "file": "\\test\\castArray.test.js",
              "beforeHooks": [],
              "afterHooks": [],
              "tests": [
                {
                  "title": "should return an array when given value is nothing",
                  "fullTitle": "castArray.js tests Should return values in an array should return an array when given value is nothing",
                  "timedOut": false,
                  "duration": 0,
                  "state": "passed",
                  "speed": "fast",
                  "pass": true,
                  "fail": false,
                  "pending": false,
                  "context": null,
                  "code": "assert.typeOf(castArray(), \"array\");",
                  "err": {},
                  "uuid": "7bae2d38-c9d8-404f-a059-c1f6b46b8d55",
                  "parentUUID": "41ec9ef0-7d8e-4ace-81d3-eacd5b1f7d47",
                  "isHook": false,
                  "skipped": false
                },
                {
                  "title": "should return [1] when test data is 1",
                  "fullTitle": "castArray.js tests Should return values in an array should return [1] when test data is 1",
                  "timedOut": false,
                  "duration": 0,
                  "state": "passed",
                  "speed": "fast",
                  "pass": true,
                  "fail": false,
                  "pending": false,
                  "context": null,
                  "code": "assert.deepEqual([1], castArray(1));",
                  "err": {},
                  "uuid": "bbef9178-628b-445c-a068-54e5bda3707b",
                  "parentUUID": "41ec9ef0-7d8e-4ace-81d3-eacd5b1f7d47",
                  "isHook": false,
                  "skipped": false
                },
                {
                  "title": "should return [{ 'a': 1 }] when test data is { 'a': 1 }",
                  "fullTitle": "castArray.js tests Should return values in an array should return [{ 'a': 1 }] when test data is { 'a': 1 }",
                  "timedOut": false,
                  "duration": 0,
                  "state": "passed",
                  "speed": "fast",
                  "pass": true,
                  "fail": false,
                  "pending": false,
                  "context": null,
                  "code": "assert.deepEqual([{ 'a': 1 }], castArray({ 'a': 1 }));",
                  "err": {},
                  "uuid": "c7476fe1-bc59-4c59-b2a3-624f568bc4b1",
                  "parentUUID": "41ec9ef0-7d8e-4ace-81d3-eacd5b1f7d47",
                  "isHook": false,
                  "skipped": false
                },
                {
                  "title": "should return ['abc'] when test data is 'abc'",
                  "fullTitle": "castArray.js tests Should return values in an array should return ['abc'] when test data is 'abc'",
                  "timedOut": false,
                  "duration": 0,
                  "state": "passed",
                  "speed": "fast",
                  "pass": true,
                  "fail": false,
                  "pending": false,
                  "context": null,
                  "code": "assert.deepEqual(['abc'], castArray('abc'));",
                  "err": {},
                  "uuid": "b86b542d-f1b4-4747-982b-1fe181a255be",
                  "parentUUID": "41ec9ef0-7d8e-4ace-81d3-eacd5b1f7d47",
                  "isHook": false,
                  "skipped": false
                },
                {
                  "title": "should return itself when given an array",
                  "fullTitle": "castArray.js tests Should return values in an array should return itself when given an array",
                  "timedOut": false,
                  "duration": 1,
                  "state": "passed",
                  "speed": "fast",
                  "pass": true,
                  "fail": false,
                  "pending": false,
                  "context": null,
                  "code": "const arr = [\"abba\", \"jabba\", \"doo\"];\n\nassert.strictEqual(arr, castArray(arr));",
                  "err": {},
                  "uuid": "7371250e-6ad0-41a7-b4d5-f0c30fd7d189",
                  "parentUUID": "41ec9ef0-7d8e-4ace-81d3-eacd5b1f7d47",
                  "isHook": false,
                  "skipped": false
                },
                {
                  "title": "return value is an array ",
                  "fullTitle": "castArray.js tests Should return values in an array return value is an array ",
                  "timedOut": false,
                  "duration": 0,
                  "state": "passed",
                  "speed": "fast",
                  "pass": true,
                  "fail": false,
                  "pending": false,
                  "context": null,
                  "code": "assert.isArray(castArray([]), Array);",
                  "err": {},
                  "uuid": "5e17e064-caca-405e-9839-9bfe2fa55402",
                  "parentUUID": "41ec9ef0-7d8e-4ace-81d3-eacd5b1f7d47",
                  "isHook": false,
                  "skipped": false
                }
              ],
              "suites": [],
              "passes": [
                "7bae2d38-c9d8-404f-a059-c1f6b46b8d55",
                "bbef9178-628b-445c-a068-54e5bda3707b",
                "c7476fe1-bc59-4c59-b2a3-624f568bc4b1",
                "b86b542d-f1b4-4747-982b-1fe181a255be",
                "7371250e-6ad0-41a7-b4d5-f0c30fd7d189",
                "5e17e064-caca-405e-9839-9bfe2fa55402"
              ],
              "failures": [],
              "pending": [],
              "skipped": [],
              "duration": 1,
              "root": false,
              "rootEmpty": false,
              "_timeout": 2000
            }
          ],
          "passes": [],
          "failures": [],
          "pending": [],
          "skipped": [],
          "duration": 0,
          "root": false,
          "rootEmpty": false,
          "_timeout": 2000
        },
        {
          "uuid": "029a4b73-806e-4b02-b53d-7e4856ea70ec",
          "title": "ceil.js tests",
          "fullFile": "C:\\Users\\n12445207\\qut-software-testing\\test\\ceil.test.js",
          "file": "\\test\\ceil.test.js",
          "beforeHooks": [],
          "afterHooks": [],
          "tests": [],
          "suites": [
            {
              "uuid": "61a47ecf-6b95-4afc-9685-d8a56bcd769f",
              "title": "Should return rounds up values according to the nearest given precision",
              "fullFile": "C:\\Users\\n12445207\\qut-software-testing\\test\\ceil.test.js",
              "file": "\\test\\ceil.test.js",
              "beforeHooks": [],
              "afterHooks": [],
              "tests": [
                {
                  "title": "should return 2 when test data is ceil(1.2345)",
                  "fullTitle": "ceil.js tests Should return rounds up values according to the nearest given precision should return 2 when test data is ceil(1.2345)",
                  "timedOut": false,
                  "duration": 0,
                  "state": "passed",
                  "speed": "fast",
                  "pass": true,
                  "fail": false,
                  "pending": false,
                  "context": null,
                  "code": "assert.strictEqual(ceil(1.2345), 2);",
                  "err": {},
                  "uuid": "14d454b9-ae96-4f88-a365-56a96170b19f",
                  "parentUUID": "61a47ecf-6b95-4afc-9685-d8a56bcd769f",
                  "isHook": false,
                  "skipped": false
                },
                {
                  "title": "should return 1.24 when test data is ceil(1.2345, 2)",
                  "fullTitle": "ceil.js tests Should return rounds up values according to the nearest given precision should return 1.24 when test data is ceil(1.2345, 2)",
                  "timedOut": false,
                  "duration": 0,
                  "state": "passed",
                  "speed": "fast",
                  "pass": true,
                  "fail": false,
                  "pending": false,
                  "context": null,
                  "code": "assert.strictEqual(ceil(1.2345, 2), 1.24);",
                  "err": {},
                  "uuid": "8942716a-2fd7-4e58-b84b-78b025a30c01",
                  "parentUUID": "61a47ecf-6b95-4afc-9685-d8a56bcd769f",
                  "isHook": false,
                  "skipped": false
                },
                {
                  "title": "should return 200 when test data is ceil(123.456, -2)",
                  "fullTitle": "ceil.js tests Should return rounds up values according to the nearest given precision should return 200 when test data is ceil(123.456, -2)",
                  "timedOut": false,
                  "duration": 0,
                  "state": "passed",
                  "speed": "fast",
                  "pass": true,
                  "fail": false,
                  "pending": false,
                  "context": null,
                  "code": "assert.strictEqual(ceil(123.456, -2), 200);",
                  "err": {},
                  "uuid": "b9f5e399-3399-4e6b-ae0e-a736154423c7",
                  "parentUUID": "61a47ecf-6b95-4afc-9685-d8a56bcd769f",
                  "isHook": false,
                  "skipped": false
                },
                {
                  "title": "should return a number ",
                  "fullTitle": "ceil.js tests Should return rounds up values according to the nearest given precision should return a number ",
                  "timedOut": false,
                  "duration": 1,
                  "state": "passed",
                  "speed": "fast",
                  "pass": true,
                  "fail": false,
                  "pending": false,
                  "context": null,
                  "code": "assert.isNumber(ceil(), Number);",
                  "err": {},
                  "uuid": "15700d34-e0d5-4fdd-b5eb-c7297913424c",
                  "parentUUID": "61a47ecf-6b95-4afc-9685-d8a56bcd769f",
                  "isHook": false,
                  "skipped": false
                }
              ],
              "suites": [],
              "passes": [
                "14d454b9-ae96-4f88-a365-56a96170b19f",
                "8942716a-2fd7-4e58-b84b-78b025a30c01",
                "b9f5e399-3399-4e6b-ae0e-a736154423c7",
                "15700d34-e0d5-4fdd-b5eb-c7297913424c"
              ],
              "failures": [],
              "pending": [],
              "skipped": [],
              "duration": 1,
              "root": false,
              "rootEmpty": false,
              "_timeout": 2000
            }
          ],
          "passes": [],
          "failures": [],
          "pending": [],
          "skipped": [],
          "duration": 0,
          "root": false,
          "rootEmpty": false,
          "_timeout": 2000
        },
        {
          "uuid": "b44d9959-0a6d-46dc-9244-00032af5dbdf",
          "title": "chunk.js tests",
          "fullFile": "C:\\Users\\n12445207\\qut-software-testing\\test\\chunk.test.js",
          "file": "\\test\\chunk.test.js",
          "beforeHooks": [],
          "afterHooks": [],
          "tests": [],
          "suites": [
            {
              "uuid": "95ff3d0c-561b-4a87-aefb-4c13620df2b1",
              "title": "Should split an Array into given-size chunks",
              "fullFile": "C:\\Users\\n12445207\\qut-software-testing\\test\\chunk.test.js",
              "file": "\\test\\chunk.test.js",
              "beforeHooks": [],
              "afterHooks": [],
              "tests": [
                {
                  "title": "should return a null array when given size value is less than 1",
                  "fullTitle": "chunk.js tests Should split an Array into given-size chunks should return a null array when given size value is less than 1",
                  "timedOut": false,
                  "duration": 0,
                  "state": "passed",
                  "speed": "fast",
                  "pass": true,
                  "fail": false,
                  "pending": false,
                  "context": null,
                  "code": "const array = [];\nassert.deepEqual(chunk(['a', 'b', 'c', 'd'],-1), array);",
                  "err": {},
                  "uuid": "69b2be49-7894-4950-9db4-355eb7fe3a77",
                  "parentUUID": "95ff3d0c-561b-4a87-aefb-4c13620df2b1",
                  "isHook": false,
                  "skipped": false
                },
                {
                  "title": "should return [['a', 'b'], ['c', 'd']] when test data is chunk(['a', 'b', 'c', 'd'], 2)",
                  "fullTitle": "chunk.js tests Should split an Array into given-size chunks should return [['a', 'b'], ['c', 'd']] when test data is chunk(['a', 'b', 'c', 'd'], 2)",
                  "timedOut": false,
                  "duration": 6,
                  "state": "failed",
                  "speed": null,
                  "pass": false,
                  "fail": true,
                  "pending": false,
                  "context": null,
                  "code": "const ExpectedChunk = [['a', 'b'],['c', 'd']];\nassert.deepEqual(chunk(['a', 'b', 'c', 'd'],2), ExpectedChunk);",
                  "err": {
                    "message": "AssertionError: expected [ [ 'c', 'd' ],  ] to deeply equal [ [ 'a', 'b' ], [ 'c', 'd' ] ]",
                    "estack": "AssertionError: expected [ [ 'c', 'd' ],  ] to deeply equal [ [ 'a', 'b' ], [ 'c', 'd' ] ]\n    at Context.<anonymous> (file:///C:/Users/n12445207/qut-software-testing/test/chunk.test.js:20:11)\n    at process.processImmediate (node:internal/timers:504:21)",
                    "diff": " [\n   [\n+     \"a\"\n+     \"b\"\n+   ]\n+   [\n     \"c\"\n     \"d\"\n   ]\n ]\n"
                  },
                  "uuid": "c8986638-4503-4cfa-9162-a588153a6423",
                  "parentUUID": "95ff3d0c-561b-4a87-aefb-4c13620df2b1",
                  "isHook": false,
                  "skipped": false
                },
                {
                  "title": "should return [['a', 'b', 'c'], ['d']] when test data is  chunk(['a', 'b', 'c', 'd'], 3)",
                  "fullTitle": "chunk.js tests Should split an Array into given-size chunks should return [['a', 'b', 'c'], ['d']] when test data is  chunk(['a', 'b', 'c', 'd'], 3)",
                  "timedOut": false,
                  "duration": 0,
                  "state": "failed",
                  "speed": null,
                  "pass": false,
                  "fail": true,
                  "pending": false,
                  "context": null,
                  "code": "const Expected_Chunk = [['a', 'b', 'c'],['d']];\nassert.deepEqual(chunk(['a', 'b', 'c', 'd'],3), Expected_Chunk);",
                  "err": {
                    "message": "AssertionError: expected [ [ 'd', undefined, undefined ],  ] to deeply equal [ [ 'a', 'b', 'c' ], [ 'd' ] ]",
                    "estack": "AssertionError: expected [ [ 'd', undefined, undefined ],  ] to deeply equal [ [ 'a', 'b', 'c' ], [ 'd' ] ]\n    at Context.<anonymous> (file:///C:/Users/n12445207/qut-software-testing/test/chunk.test.js:25:11)\n    at process.processImmediate (node:internal/timers:504:21)",
                    "diff": " [\n   [\n+     \"a\"\n+     \"b\"\n+     \"c\"\n+   ]\n+   [\n     \"d\"\n-     [undefined]\n-     [undefined]\n   ]\n ]\n"
                  },
                  "uuid": "800ece04-9e9f-4015-8cbc-a2618efd057b",
                  "parentUUID": "95ff3d0c-561b-4a87-aefb-4c13620df2b1",
                  "isHook": false,
                  "skipped": false
                },
                {
                  "title": "Should return empty array from null",
                  "fullTitle": "chunk.js tests Should split an Array into given-size chunks Should return empty array from null",
                  "timedOut": false,
                  "duration": 0,
                  "state": "passed",
                  "speed": "fast",
                  "pass": true,
                  "fail": false,
                  "pending": false,
                  "context": null,
                  "code": "const returnVal = chunk(null);\nassert.isArray(returnVal);\nassert.isEmpty(returnVal);",
                  "err": {},
                  "uuid": "d2f78c34-012f-46b9-b343-3071b8429134",
                  "parentUUID": "95ff3d0c-561b-4a87-aefb-4c13620df2b1",
                  "isHook": false,
                  "skipped": false
                },
                {
                  "title": "return value is an array ",
                  "fullTitle": "chunk.js tests Should split an Array into given-size chunks return value is an array ",
                  "timedOut": false,
                  "duration": 0,
                  "state": "passed",
                  "speed": "fast",
                  "pass": true,
                  "fail": false,
                  "pending": false,
                  "context": null,
                  "code": "assert.isArray(chunk([]));",
                  "err": {},
                  "uuid": "2cebd3c9-8140-45f6-9db2-4606d7ee0df6",
                  "parentUUID": "95ff3d0c-561b-4a87-aefb-4c13620df2b1",
                  "isHook": false,
                  "skipped": false
                }
              ],
              "suites": [],
              "passes": [
                "69b2be49-7894-4950-9db4-355eb7fe3a77",
                "d2f78c34-012f-46b9-b343-3071b8429134",
                "2cebd3c9-8140-45f6-9db2-4606d7ee0df6"
              ],
              "failures": [
                "c8986638-4503-4cfa-9162-a588153a6423",
                "800ece04-9e9f-4015-8cbc-a2618efd057b"
              ],
              "pending": [],
              "skipped": [],
              "duration": 6,
              "root": false,
              "rootEmpty": false,
              "_timeout": 2000
            }
          ],
          "passes": [],
          "failures": [],
          "pending": [],
          "skipped": [],
          "duration": 0,
          "root": false,
          "rootEmpty": false,
          "_timeout": 2000
        },
        {
          "uuid": "b066a2af-4f69-4886-bddd-d3d8132b63b8",
          "title": "clamp.js tests",
          "fullFile": "C:\\Users\\n12445207\\qut-software-testing\\test\\clamp.test.js",
          "file": "\\test\\clamp.test.js",
          "beforeHooks": [],
          "afterHooks": [],
          "tests": [],
          "suites": [
            {
              "uuid": "88d88337-e98c-4623-8d36-52d2987df7fd",
              "title": "Should clamp `number` within the inclusive `lower` and `upper` bounds",
              "fullFile": "C:\\Users\\n12445207\\qut-software-testing\\test\\clamp.test.js",
              "file": "\\test\\clamp.test.js",
              "beforeHooks": [],
              "afterHooks": [],
              "tests": [
                {
                  "title": "should return the number if inclusive in range",
                  "fullTitle": "clamp.js tests Should clamp `number` within the inclusive `lower` and `upper` bounds should return the number if inclusive in range",
                  "timedOut": false,
                  "duration": 1,
                  "state": "failed",
                  "speed": null,
                  "pass": false,
                  "fail": true,
                  "pending": false,
                  "context": null,
                  "code": "assert.strictEqual(clamp(5, 0, 10), expectedResult);",
                  "err": {
                    "message": "AssertionError: expected 0 to equal 5",
                    "estack": "AssertionError: expected 0 to equal 5\n    at Context.<anonymous> (file:///C:/Users/n12445207/qut-software-testing/test/clamp.test.js:17:20)\n    at process.processImmediate (node:internal/timers:504:21)",
                    "diff": "- 0\n+ 5\n"
                  },
                  "uuid": "61873aa2-90ff-4348-bd6f-714d4df1f92d",
                  "parentUUID": "88d88337-e98c-4623-8d36-52d2987df7fd",
                  "isHook": false,
                  "skipped": false
                },
                {
                  "title": "should return max if the number is larger",
                  "fullTitle": "clamp.js tests Should clamp `number` within the inclusive `lower` and `upper` bounds should return max if the number is larger",
                  "timedOut": false,
                  "duration": 0,
                  "state": "failed",
                  "speed": null,
                  "pass": false,
                  "fail": true,
                  "pending": false,
                  "context": null,
                  "code": "assert.strictEqual(clamp(10, -5, 5), expectedResult);",
                  "err": {
                    "message": "AssertionError: expected -5 to equal 5",
                    "estack": "AssertionError: expected -5 to equal 5\n    at Context.<anonymous> (file:///C:/Users/n12445207/qut-software-testing/test/clamp.test.js:21:20)\n    at process.processImmediate (node:internal/timers:504:21)",
                    "diff": "- -5\n+ 5\n"
                  },
                  "uuid": "bdc33fdd-5fd5-425f-8f15-ce7681250eb4",
                  "parentUUID": "88d88337-e98c-4623-8d36-52d2987df7fd",
                  "isHook": false,
                  "skipped": false
                },
                {
                  "title": "should return min if the number is smaller",
                  "fullTitle": "clamp.js tests Should clamp `number` within the inclusive `lower` and `upper` bounds should return min if the number is smaller",
                  "timedOut": false,
                  "duration": 0,
                  "state": "passed",
                  "speed": "fast",
                  "pass": true,
                  "fail": false,
                  "pending": false,
                  "context": null,
                  "code": "const expectedOutput = -5;\nassert.strictEqual(clamp(-10, -5, 5), expectedOutput)",
                  "err": {},
                  "uuid": "d0e64f56-7767-4676-a7c1-283a719d9b18",
                  "parentUUID": "88d88337-e98c-4623-8d36-52d2987df7fd",
                  "isHook": false,
                  "skipped": false
                },
                {
                  "title": "should return a number ",
                  "fullTitle": "clamp.js tests Should clamp `number` within the inclusive `lower` and `upper` bounds should return a number ",
                  "timedOut": false,
                  "duration": 1,
                  "state": "passed",
                  "speed": "fast",
                  "pass": true,
                  "fail": false,
                  "pending": false,
                  "context": null,
                  "code": "assert.isNumber(clamp(1, 2, 3));",
                  "err": {},
                  "uuid": "83d11b71-7ed8-4395-a777-091af11ff427",
                  "parentUUID": "88d88337-e98c-4623-8d36-52d2987df7fd",
                  "isHook": false,
                  "skipped": false
                },
                {
                  "title": "should return a finite number ",
                  "fullTitle": "clamp.js tests Should clamp `number` within the inclusive `lower` and `upper` bounds should return a finite number ",
                  "timedOut": false,
                  "duration": 0,
                  "state": "passed",
                  "speed": "fast",
                  "pass": true,
                  "fail": false,
                  "pending": false,
                  "context": null,
                  "code": "const expectedNumber = 2;\nassert.isFinite(clamp(2,NaN,2),expectedNumber)",
                  "err": {},
                  "uuid": "6053b1cf-561a-4935-ae1e-930a3a5e8e7f",
                  "parentUUID": "88d88337-e98c-4623-8d36-52d2987df7fd",
                  "isHook": false,
                  "skipped": false
                },
                {
                  "title": "Input is above the upper bound, return upper bound",
                  "fullTitle": "clamp.js tests Should clamp `number` within the inclusive `lower` and `upper` bounds Input is above the upper bound, return upper bound",
                  "timedOut": false,
                  "duration": 0,
                  "state": "failed",
                  "speed": null,
                  "pass": false,
                  "fail": true,
                  "pending": false,
                  "context": null,
                  "code": "const upperBound = 5;\nconst input = 10;\nconst lowerBound = -5;\nassert.strictEqual(clamp(input,lowerBound,upperBound), 5);",
                  "err": {
                    "message": "AssertionError: expected -5 to equal 5",
                    "estack": "AssertionError: expected -5 to equal 5\n    at Context.<anonymous> (file:///C:/Users/n12445207/qut-software-testing/test/clamp.test.js:42:20)\n    at process.processImmediate (node:internal/timers:504:21)",
                    "diff": "- -5\n+ 5\n"
                  },
                  "uuid": "90048856-b907-4c4a-a32d-6c32974209f9",
                  "parentUUID": "88d88337-e98c-4623-8d36-52d2987df7fd",
                  "isHook": false,
                  "skipped": false
                },
                {
                  "title": "Input is below the lower bound, return lower bound",
                  "fullTitle": "clamp.js tests Should clamp `number` within the inclusive `lower` and `upper` bounds Input is below the lower bound, return lower bound",
                  "timedOut": false,
                  "duration": 0,
                  "state": "passed",
                  "speed": "fast",
                  "pass": true,
                  "fail": false,
                  "pending": false,
                  "context": null,
                  "code": "const UpperBound= 5;\nconst Input = -10;\nconst LowerBound = -5;\nassert.strictEqual(clamp(Input,LowerBound,UpperBound), -5);",
                  "err": {},
                  "uuid": "0e8a2b03-5efd-4888-9879-347dd2874a6e",
                  "parentUUID": "88d88337-e98c-4623-8d36-52d2987df7fd",
                  "isHook": false,
                  "skipped": false
                }
              ],
              "suites": [],
              "passes": [
                "d0e64f56-7767-4676-a7c1-283a719d9b18",
                "83d11b71-7ed8-4395-a777-091af11ff427",
                "6053b1cf-561a-4935-ae1e-930a3a5e8e7f",
                "0e8a2b03-5efd-4888-9879-347dd2874a6e"
              ],
              "failures": [
                "61873aa2-90ff-4348-bd6f-714d4df1f92d",
                "bdc33fdd-5fd5-425f-8f15-ce7681250eb4",
                "90048856-b907-4c4a-a32d-6c32974209f9"
              ],
              "pending": [],
              "skipped": [],
              "duration": 2,
              "root": false,
              "rootEmpty": false,
              "_timeout": 2000
            }
          ],
          "passes": [],
          "failures": [],
          "pending": [],
          "skipped": [],
          "duration": 0,
          "root": false,
          "rootEmpty": false,
          "_timeout": 2000
        },
        {
          "uuid": "ca3e8259-ab5c-4a8e-9462-7b81f62218bd",
          "title": "compact.js tests",
          "fullFile": "C:\\Users\\n12445207\\qut-software-testing\\test\\compact.test.js",
          "file": "\\test\\compact.test.js",
          "beforeHooks": [],
          "afterHooks": [],
          "tests": [],
          "suites": [
            {
              "uuid": "4ed6c6f2-a2d1-45d5-9dc6-d5328f89bd1d",
              "title": "Should remove all the “falsey” values from an array",
              "fullFile": "C:\\Users\\n12445207\\qut-software-testing\\test\\compact.test.js",
              "file": "\\test\\compact.test.js",
              "beforeHooks": [],
              "afterHooks": [],
              "tests": [
                {
                  "title": "should return array removing all NaN value",
                  "fullTitle": "compact.js tests Should remove all the “falsey” values from an array should return array removing all NaN value",
                  "timedOut": false,
                  "duration": 1,
                  "state": "failed",
                  "speed": null,
                  "pass": false,
                  "fail": true,
                  "pending": false,
                  "context": null,
                  "code": "assert.deepEqual(compact([NaN, 1, false, 2, '', 3]), expectedResult);",
                  "err": {
                    "message": "AssertionError: expected [ 2, 3, '-1': 1 ] to deeply equal [ 1, 2, 3 ]",
                    "estack": "AssertionError: expected [ 2, 3, '-1': 1 ] to deeply equal [ 1, 2, 3 ]\n    at Context.<anonymous> (file:///C:/Users/n12445207/qut-software-testing/test/compact.test.js:18:20)\n    at process.processImmediate (node:internal/timers:504:21)",
                    "diff": " [\n+   1\n   2\n   3\n ]\n"
                  },
                  "uuid": "0eca3f30-4dcc-401a-8bd1-5991def0f874",
                  "parentUUID": "4ed6c6f2-a2d1-45d5-9dc6-d5328f89bd1d",
                  "isHook": false,
                  "skipped": false
                },
                {
                  "title": "should return array removing all undefined value",
                  "fullTitle": "compact.js tests Should remove all the “falsey” values from an array should return array removing all undefined value",
                  "timedOut": false,
                  "duration": 0,
                  "state": "failed",
                  "speed": null,
                  "pass": false,
                  "fail": true,
                  "pending": false,
                  "context": null,
                  "code": "assert.deepEqual(compact([undefined, 1, false, 2, '', 3]), expectedResult);",
                  "err": {
                    "message": "AssertionError: expected [ 2, 3, '-1': 1 ] to deeply equal [ 1, 2, 3 ]",
                    "estack": "AssertionError: expected [ 2, 3, '-1': 1 ] to deeply equal [ 1, 2, 3 ]\n    at Context.<anonymous> (file:///C:/Users/n12445207/qut-software-testing/test/compact.test.js:23:20)\n    at process.processImmediate (node:internal/timers:504:21)",
                    "diff": " [\n+   1\n   2\n   3\n ]\n"
                  },
                  "uuid": "b2e29c7b-0cd5-4c82-a800-0ff828161866",
                  "parentUUID": "4ed6c6f2-a2d1-45d5-9dc6-d5328f89bd1d",
                  "isHook": false,
                  "skipped": false
                },
                {
                  "title": "should return array removing all falsey value",
                  "fullTitle": "compact.js tests Should remove all the “falsey” values from an array should return array removing all falsey value",
                  "timedOut": false,
                  "duration": 0,
                  "state": "failed",
                  "speed": null,
                  "pass": false,
                  "fail": true,
                  "pending": false,
                  "context": null,
                  "code": "assert.deepEqual(compact([0, 1, false, 2, '', 3]), expectedResult);",
                  "err": {
                    "message": "AssertionError: expected [ 2, 3, '-1': 1 ] to deeply equal [ 1, 2, 3 ]",
                    "estack": "AssertionError: expected [ 2, 3, '-1': 1 ] to deeply equal [ 1, 2, 3 ]\n    at Context.<anonymous> (file:///C:/Users/n12445207/qut-software-testing/test/compact.test.js:28:20)\n    at process.processImmediate (node:internal/timers:504:21)",
                    "diff": " [\n+   1\n   2\n   3\n ]\n"
                  },
                  "uuid": "02c204d4-92fd-4494-bea4-d51c763118c7",
                  "parentUUID": "4ed6c6f2-a2d1-45d5-9dc6-d5328f89bd1d",
                  "isHook": false,
                  "skipped": false
                },
                {
                  "title": "should return array removing all falsey value",
                  "fullTitle": "compact.js tests Should remove all the “falsey” values from an array should return array removing all falsey value",
                  "timedOut": false,
                  "duration": 0,
                  "state": "passed",
                  "speed": "fast",
                  "pass": true,
                  "fail": false,
                  "pending": false,
                  "context": null,
                  "code": "assert.deepEqual(compact([0, false, null, undefined,\" \", NaN]), []);",
                  "err": {},
                  "uuid": "0ef50d47-4781-43e4-886d-f159193520ea",
                  "parentUUID": "4ed6c6f2-a2d1-45d5-9dc6-d5328f89bd1d",
                  "isHook": false,
                  "skipped": false
                },
                {
                  "title": "should return itself when given a correct array",
                  "fullTitle": "compact.js tests Should remove all the “falsey” values from an array should return itself when given a correct array",
                  "timedOut": false,
                  "duration": 1,
                  "state": "failed",
                  "speed": null,
                  "pass": false,
                  "fail": true,
                  "pending": false,
                  "context": null,
                  "code": "const arr = [\"hello\", \"world\"];\n\nassert.deepEqual(arr, compact(arr));",
                  "err": {
                    "message": "AssertionError: expected [ 'hello', 'world' ] to deeply equal [ 'world', '-1': 'hello' ]",
                    "estack": "AssertionError: expected [ 'hello', 'world' ] to deeply equal [ 'world', '-1': 'hello' ]\n    at Context.<anonymous> (file:///C:/Users/n12445207/qut-software-testing/test/compact.test.js:38:20)\n    at process.processImmediate (node:internal/timers:504:21)",
                    "diff": " [\n-   \"hello\"\n   \"world\"\n ]\n"
                  },
                  "uuid": "dd524694-41b7-44c3-8ad1-91f3ce4a2684",
                  "parentUUID": "4ed6c6f2-a2d1-45d5-9dc6-d5328f89bd1d",
                  "isHook": false,
                  "skipped": false
                },
                {
                  "title": "should return itself when given a correct array",
                  "fullTitle": "compact.js tests Should remove all the “falsey” values from an array should return itself when given a correct array",
                  "timedOut": false,
                  "duration": 0,
                  "state": "passed",
                  "speed": "fast",
                  "pass": true,
                  "fail": false,
                  "pending": false,
                  "context": null,
                  "code": "const array = [];\n\nassert.deepEqual(array, compact(array));",
                  "err": {},
                  "uuid": "5ad46247-66b7-4b7e-aee3-a50ae8354541",
                  "parentUUID": "4ed6c6f2-a2d1-45d5-9dc6-d5328f89bd1d",
                  "isHook": false,
                  "skipped": false
                },
                {
                  "title": "should return an array",
                  "fullTitle": "compact.js tests Should remove all the “falsey” values from an array should return an array",
                  "timedOut": false,
                  "duration": 0,
                  "state": "passed",
                  "speed": "fast",
                  "pass": true,
                  "fail": false,
                  "pending": false,
                  "context": null,
                  "code": "assert.isArray(compact([]));",
                  "err": {},
                  "uuid": "df4cf81c-97d1-44b5-a21f-46f99a9ef39c",
                  "parentUUID": "4ed6c6f2-a2d1-45d5-9dc6-d5328f89bd1d",
                  "isHook": false,
                  "skipped": false
                }
              ],
              "suites": [],
              "passes": [
                "0ef50d47-4781-43e4-886d-f159193520ea",
                "5ad46247-66b7-4b7e-aee3-a50ae8354541",
                "df4cf81c-97d1-44b5-a21f-46f99a9ef39c"
              ],
              "failures": [
                "0eca3f30-4dcc-401a-8bd1-5991def0f874",
                "b2e29c7b-0cd5-4c82-a800-0ff828161866",
                "02c204d4-92fd-4494-bea4-d51c763118c7",
                "dd524694-41b7-44c3-8ad1-91f3ce4a2684"
              ],
              "pending": [],
              "skipped": [],
              "duration": 2,
              "root": false,
              "rootEmpty": false,
              "_timeout": 2000
            }
          ],
          "passes": [],
          "failures": [],
          "pending": [],
          "skipped": [],
          "duration": 0,
          "root": false,
          "rootEmpty": false,
          "_timeout": 2000
        },
        {
          "uuid": "96d23e4e-aa18-45c1-a6e5-5ca16c665d03",
          "title": "CountBy tests",
          "fullFile": "C:\\Users\\n12445207\\qut-software-testing\\test\\countBy.test.js",
          "file": "\\test\\countBy.test.js",
          "beforeHooks": [],
          "afterHooks": [],
          "tests": [
            {
              "title": "Should return composed key values of given array of objects",
              "fullTitle": "CountBy tests Should return composed key values of given array of objects",
              "timedOut": false,
              "duration": 0,
              "state": "failed",
              "speed": null,
              "pass": false,
              "fail": true,
              "pending": false,
              "context": null,
              "code": "assert.deepEqual(countBy(users, value => value.active), { 'true': 3, 'false': 2 });",
              "err": {
                "message": "AssertionError: expected { true: 2, false: 1 } to deeply equal { true: 3, false: 2 }",
                "estack": "AssertionError: expected { true: 2, false: 1 } to deeply equal { true: 3, false: 2 }\n    at Context.<anonymous> (file:///C:/Users/n12445207/qut-software-testing/test/countBy.test.js:23:12)\n    at process.processImmediate (node:internal/timers:504:21)",
                "diff": " {\n-   \"false\": 1\n-   \"true\": 2\n+   \"false\": 2\n+   \"true\": 3\n }\n"
              },
              "uuid": "b82d73a8-cc66-444f-b320-7bffdc739276",
              "parentUUID": "96d23e4e-aa18-45c1-a6e5-5ca16c665d03",
              "isHook": false,
              "skipped": false
            },
            {
              "title": "Should return composed key values of given array of objects",
              "fullTitle": "CountBy tests Should return composed key values of given array of objects",
              "timedOut": false,
              "duration": 1,
              "state": "failed",
              "speed": null,
              "pass": false,
              "fail": true,
              "pending": false,
              "context": null,
              "code": "assert.deepEqual(countBy(users, value => value.user), { 'barney': 3, 'fred': 1, 'betty': 1 });",
              "err": {
                "message": "AssertionError: expected { barney: 2, betty: 0, fred: 0 } to deeply equal { barney: 3, fred: 1, betty: 1 }",
                "estack": "AssertionError: expected { barney: 2, betty: 0, fred: 0 } to deeply equal { barney: 3, fred: 1, betty: 1 }\n    at Context.<anonymous> (file:///C:/Users/n12445207/qut-software-testing/test/countBy.test.js:27:12)\n    at process.processImmediate (node:internal/timers:504:21)",
                "diff": " {\n-   \"barney\": 2\n-   \"betty\": 0\n-   \"fred\": 0\n+   \"barney\": 3\n+   \"betty\": 1\n+   \"fred\": 1\n }\n"
              },
              "uuid": "b3707a59-d958-4b12-8f67-74df7919d5b7",
              "parentUUID": "96d23e4e-aa18-45c1-a6e5-5ca16c665d03",
              "isHook": false,
              "skipped": false
            },
            {
              "title": "Should return composed key value of given object",
              "fullTitle": "CountBy tests Should return composed key value of given object",
              "timedOut": false,
              "duration": 1,
              "state": "failed",
              "speed": null,
              "pass": false,
              "fail": true,
              "pending": false,
              "context": null,
              "code": "const user = { 'user': 'barney', 'active': true };\nassert.deepEqual(countBy(user, value => value.active), { 'true': 1 });",
              "err": {
                "message": "AssertionError: expected { undefined: 1 } to deeply equal { true: 1 }",
                "estack": "AssertionError: expected { undefined: 1 } to deeply equal { true: 1 }\n    at Context.<anonymous> (file:///C:/Users/n12445207/qut-software-testing/test/countBy.test.js:33:12)\n    at process.processImmediate (node:internal/timers:504:21)",
                "diff": " {\n-   \"undefined\": 1\n+   \"true\": 1\n }\n"
              },
              "uuid": "97c32b99-c1df-477a-8409-025bad1ca7f1",
              "parentUUID": "96d23e4e-aa18-45c1-a6e5-5ca16c665d03",
              "isHook": false,
              "skipped": false
            },
            {
              "title": "Should return an object",
              "fullTitle": "CountBy tests Should return an object",
              "timedOut": false,
              "duration": 0,
              "state": "passed",
              "speed": "fast",
              "pass": true,
              "fail": false,
              "pending": false,
              "context": null,
              "code": "assert.isObject(countBy(users, value => value));",
              "err": {},
              "uuid": "0a701ad7-b3f2-4009-8576-fbba233cce08",
              "parentUUID": "96d23e4e-aa18-45c1-a6e5-5ca16c665d03",
              "isHook": false,
              "skipped": false
            }
          ],
          "suites": [],
          "passes": [
            "0a701ad7-b3f2-4009-8576-fbba233cce08"
          ],
          "failures": [
            "b82d73a8-cc66-444f-b320-7bffdc739276",
            "b3707a59-d958-4b12-8f67-74df7919d5b7",
            "97c32b99-c1df-477a-8409-025bad1ca7f1"
          ],
          "pending": [],
          "skipped": [],
          "duration": 2,
          "root": false,
          "rootEmpty": false,
          "_timeout": 2000
        },
        {
          "uuid": "349e1bf3-234e-4fcb-b710-4a9e1109b68e",
          "title": "defaultTo.js tests",
          "fullFile": "C:\\Users\\n12445207\\qut-software-testing\\test\\defaultTo.test.js",
          "file": "\\test\\defaultTo.test.js",
          "beforeHooks": [],
          "afterHooks": [],
          "tests": [],
          "suites": [
            {
              "uuid": "6f99fea8-ed68-4a7b-9251-fc049f79571e",
              "title": "Should return defaultValue` value if `value` is `NaN`, `null`, or `undefined`",
              "fullFile": "C:\\Users\\n12445207\\qut-software-testing\\test\\defaultTo.test.js",
              "file": "\\test\\defaultTo.test.js",
              "beforeHooks": [],
              "afterHooks": [],
              "tests": [
                {
                  "title": "should return defaultValue` if `value` is `NaN`",
                  "fullTitle": "defaultTo.js tests Should return defaultValue` value if `value` is `NaN`, `null`, or `undefined` should return defaultValue` if `value` is `NaN`",
                  "timedOut": false,
                  "duration": 1,
                  "state": "failed",
                  "speed": null,
                  "pass": false,
                  "fail": true,
                  "pending": false,
                  "context": null,
                  "code": "assert.strictEqual(defaultTo(Number.NaN, defaultValue),defaultValue);",
                  "err": {
                    "message": "AssertionError: expected NaN to equal 50",
                    "estack": "AssertionError: expected NaN to equal 50\n    at Context.<anonymous> (file:///C:/Users/n12445207/qut-software-testing/test/defaultTo.test.js:16:20)\n    at process.processImmediate (node:internal/timers:504:21)",
                    "diff": "- NaN\n+ 50\n"
                  },
                  "uuid": "6e63baa5-d8d9-4297-96a1-9974619e84ce",
                  "parentUUID": "6f99fea8-ed68-4a7b-9251-fc049f79571e",
                  "isHook": false,
                  "skipped": false
                },
                {
                  "title": "should return defaultValue` if `value` is `undefined`",
                  "fullTitle": "defaultTo.js tests Should return defaultValue` value if `value` is `NaN`, `null`, or `undefined` should return defaultValue` if `value` is `undefined`",
                  "timedOut": false,
                  "duration": 0,
                  "state": "passed",
                  "speed": "fast",
                  "pass": true,
                  "fail": false,
                  "pending": false,
                  "context": null,
                  "code": "assert.strictEqual(defaultTo(undefined, defaultValue),defaultValue);",
                  "err": {},
                  "uuid": "b78e616f-5771-478e-b866-b04f7f65c9a9",
                  "parentUUID": "6f99fea8-ed68-4a7b-9251-fc049f79571e",
                  "isHook": false,
                  "skipped": false
                },
                {
                  "title": "should return defaultValue` if `value` is `null`",
                  "fullTitle": "defaultTo.js tests Should return defaultValue` value if `value` is `NaN`, `null`, or `undefined` should return defaultValue` if `value` is `null`",
                  "timedOut": false,
                  "duration": 0,
                  "state": "passed",
                  "speed": "fast",
                  "pass": true,
                  "fail": false,
                  "pending": false,
                  "context": null,
                  "code": "assert.strictEqual(defaultTo(null, defaultValue),defaultValue);",
                  "err": {},
                  "uuid": "bcb16b70-eb85-4ebd-bac6-b325338f5613",
                  "parentUUID": "6f99fea8-ed68-4a7b-9251-fc049f79571e",
                  "isHook": false,
                  "skipped": false
                },
                {
                  "title": "should return Value` if `value` is not `NaN`, `null`, or `undefined",
                  "fullTitle": "defaultTo.js tests Should return defaultValue` value if `value` is `NaN`, `null`, or `undefined` should return Value` if `value` is not `NaN`, `null`, or `undefined",
                  "timedOut": false,
                  "duration": 0,
                  "state": "passed",
                  "speed": "fast",
                  "pass": true,
                  "fail": false,
                  "pending": false,
                  "context": null,
                  "code": "const value = 1;\nassert.strictEqual(defaultTo(value, defaultValue), value);",
                  "err": {},
                  "uuid": "7670e6a8-a432-4a94-a572-ef482beb90dc",
                  "parentUUID": "6f99fea8-ed68-4a7b-9251-fc049f79571e",
                  "isHook": false,
                  "skipped": false
                },
                {
                  "title": "should return Value` if `value` is not `NaN`, `null`, or `undefined",
                  "fullTitle": "defaultTo.js tests Should return defaultValue` value if `value` is `NaN`, `null`, or `undefined` should return Value` if `value` is not `NaN`, `null`, or `undefined",
                  "timedOut": false,
                  "duration": 0,
                  "state": "passed",
                  "speed": "fast",
                  "pass": true,
                  "fail": false,
                  "pending": false,
                  "context": null,
                  "code": "const value = \"abba\";\nassert.strictEqual(defaultTo(value, defaultValue), value);",
                  "err": {},
                  "uuid": "b612f0af-a1c3-43be-8efe-a042e92696ab",
                  "parentUUID": "6f99fea8-ed68-4a7b-9251-fc049f79571e",
                  "isHook": false,
                  "skipped": false
                }
              ],
              "suites": [],
              "passes": [
                "b78e616f-5771-478e-b866-b04f7f65c9a9",
                "bcb16b70-eb85-4ebd-bac6-b325338f5613",
                "7670e6a8-a432-4a94-a572-ef482beb90dc",
                "b612f0af-a1c3-43be-8efe-a042e92696ab"
              ],
              "failures": [
                "6e63baa5-d8d9-4297-96a1-9974619e84ce"
              ],
              "pending": [],
              "skipped": [],
              "duration": 1,
              "root": false,
              "rootEmpty": false,
              "_timeout": 2000
            }
          ],
          "passes": [],
          "failures": [],
          "pending": [],
          "skipped": [],
          "duration": 0,
          "root": false,
          "rootEmpty": false,
          "_timeout": 2000
        },
        {
          "uuid": "5ceb29ba-9b51-4c23-89bd-da0961847860",
          "title": "defaultToAny.js tests",
          "fullFile": "C:\\Users\\n12445207\\qut-software-testing\\test\\defaultToAny.test.js",
          "file": "\\test\\defaultToAny.test.js",
          "beforeHooks": [],
          "afterHooks": [],
          "tests": [],
          "suites": [
            {
              "uuid": "16383e7f-1c66-4431-984a-882c03b7ad28",
              "title": "Should accept multiple default values and returns the first one that is not `NaN`, `null`, or `undefined`",
              "fullFile": "C:\\Users\\n12445207\\qut-software-testing\\test\\defaultToAny.test.js",
              "file": "\\test\\defaultToAny.test.js",
              "beforeHooks": [],
              "afterHooks": [],
              "tests": [
                {
                  "title": "should return first value that is not `NaN`, `null`, or `undefined`",
                  "fullTitle": "defaultToAny.js tests Should accept multiple default values and returns the first one that is not `NaN`, `null`, or `undefined` should return first value that is not `NaN`, `null`, or `undefined`",
                  "timedOut": false,
                  "duration": 0,
                  "state": "passed",
                  "speed": "fast",
                  "pass": true,
                  "fail": false,
                  "pending": false,
                  "context": null,
                  "code": "const ExpectedResult= 1;\nassert.strictEqual(defaultToAny(1,50,10),ExpectedResult);",
                  "err": {},
                  "uuid": "b2cdd618-26bd-489d-b873-a7ac23282db4",
                  "parentUUID": "16383e7f-1c66-4431-984a-882c03b7ad28",
                  "isHook": false,
                  "skipped": false
                },
                {
                  "title": "should return first value that is not `undefined`",
                  "fullTitle": "defaultToAny.js tests Should accept multiple default values and returns the first one that is not `NaN`, `null`, or `undefined` should return first value that is not `undefined`",
                  "timedOut": false,
                  "duration": 0,
                  "state": "passed",
                  "speed": "fast",
                  "pass": true,
                  "fail": false,
                  "pending": false,
                  "context": null,
                  "code": "assert.strictEqual(defaultToAny(undefined,50,undefined,10),ExpectedOutput);",
                  "err": {},
                  "uuid": "4f63cb00-8cf5-46e7-9669-4936d27eece3",
                  "parentUUID": "16383e7f-1c66-4431-984a-882c03b7ad28",
                  "isHook": false,
                  "skipped": false
                },
                {
                  "title": "should return first value that is not `null`",
                  "fullTitle": "defaultToAny.js tests Should accept multiple default values and returns the first one that is not `NaN`, `null`, or `undefined` should return first value that is not `null`",
                  "timedOut": false,
                  "duration": 1,
                  "state": "passed",
                  "speed": "fast",
                  "pass": true,
                  "fail": false,
                  "pending": false,
                  "context": null,
                  "code": "assert.strictEqual(defaultToAny(null,undefined,null,50),ExpectedOutput);",
                  "err": {},
                  "uuid": "2874f950-0e6b-4a46-838b-c77c5f43dd07",
                  "parentUUID": "16383e7f-1c66-4431-984a-882c03b7ad28",
                  "isHook": false,
                  "skipped": false
                },
                {
                  "title": "should return second default value if first `value` is `NaN`, `null` or `undefined",
                  "fullTitle": "defaultToAny.js tests Should accept multiple default values and returns the first one that is not `NaN`, `null`, or `undefined` should return second default value if first `value` is `NaN`, `null` or `undefined",
                  "timedOut": false,
                  "duration": 0,
                  "state": "passed",
                  "speed": "fast",
                  "pass": true,
                  "fail": false,
                  "pending": false,
                  "context": null,
                  "code": "const value = NaN;\nassert.isNaN(defaultToAny(undefined, null, NaN),value);",
                  "err": {},
                  "uuid": "a8c0caaa-1692-4e84-a49e-7e21fe6ed5a9",
                  "parentUUID": "16383e7f-1c66-4431-984a-882c03b7ad28",
                  "isHook": false,
                  "skipped": false
                }
              ],
              "suites": [],
              "passes": [
                "b2cdd618-26bd-489d-b873-a7ac23282db4",
                "4f63cb00-8cf5-46e7-9669-4936d27eece3",
                "2874f950-0e6b-4a46-838b-c77c5f43dd07",
                "a8c0caaa-1692-4e84-a49e-7e21fe6ed5a9"
              ],
              "failures": [],
              "pending": [],
              "skipped": [],
              "duration": 1,
              "root": false,
              "rootEmpty": false,
              "_timeout": 2000
            }
          ],
          "passes": [],
          "failures": [],
          "pending": [],
          "skipped": [],
          "duration": 0,
          "root": false,
          "rootEmpty": false,
          "_timeout": 2000
        },
        {
          "uuid": "d2589deb-fdab-4266-bd8e-61a328d069dd",
          "title": "difference.js tests",
          "fullFile": "C:\\Users\\n12445207\\qut-software-testing\\test\\difference.test.js",
          "file": "\\test\\difference.test.js",
          "beforeHooks": [],
          "afterHooks": [],
          "tests": [],
          "suites": [
            {
              "uuid": "1f41790f-4390-464e-a92b-613a54936a89",
              "title": "Should an array with values where the second Array’s values will be excluded from the return value",
              "fullFile": "C:\\Users\\n12445207\\qut-software-testing\\test\\difference.test.js",
              "file": "\\test\\difference.test.js",
              "beforeHooks": [],
              "afterHooks": [],
              "tests": [
                {
                  "title": "should return [1, 2] when first array:[1, 2, 3, 4] & second array:[3, 4]",
                  "fullTitle": "difference.js tests Should an array with values where the second Array’s values will be excluded from the return value should return [1, 2] when first array:[1, 2, 3, 4] & second array:[3, 4]",
                  "timedOut": false,
                  "duration": 0,
                  "state": "passed",
                  "speed": "fast",
                  "pass": true,
                  "fail": false,
                  "pending": false,
                  "context": null,
                  "code": "const ExpectedResult = [1, 2]; \nassert.deepEqual(difference([1, 2, 3, 4],[3, 4]),ExpectedResult);",
                  "err": {},
                  "uuid": "f446c9a0-90ff-48e4-91f6-eb84f69acaaa",
                  "parentUUID": "1f41790f-4390-464e-a92b-613a54936a89",
                  "isHook": false,
                  "skipped": false
                },
                {
                  "title": "should return an empty array if both arrays are empty",
                  "fullTitle": "difference.js tests Should an array with values where the second Array’s values will be excluded from the return value should return an empty array if both arrays are empty",
                  "timedOut": false,
                  "duration": 0,
                  "state": "passed",
                  "speed": "fast",
                  "pass": true,
                  "fail": false,
                  "pending": false,
                  "context": null,
                  "code": "const array = [];\nassert.deepEqual(difference(array),array);",
                  "err": {},
                  "uuid": "6ee0244a-1aa2-448a-ad5f-e2f655486517",
                  "parentUUID": "1f41790f-4390-464e-a92b-613a54936a89",
                  "isHook": false,
                  "skipped": false
                },
                {
                  "title": "should return [“abba”] when first array:[“hello”, “world”, “abba”] & second array:[“hello”, “world”]",
                  "fullTitle": "difference.js tests Should an array with values where the second Array’s values will be excluded from the return value should return [“abba”] when first array:[“hello”, “world”, “abba”] & second array:[“hello”, “world”]",
                  "timedOut": false,
                  "duration": 0,
                  "state": "passed",
                  "speed": "fast",
                  "pass": true,
                  "fail": false,
                  "pending": false,
                  "context": null,
                  "code": "const ExpectedOutput = [\"abba\"];\nassert.deepEqual(difference([\"hello\", \"world\", \"abba\"],[\"hello\", \"world\"]),ExpectedOutput);",
                  "err": {},
                  "uuid": "3ee1dc58-ed69-422b-bed3-5d6d9722757c",
                  "parentUUID": "1f41790f-4390-464e-a92b-613a54936a89",
                  "isHook": false,
                  "skipped": false
                },
                {
                  "title": "should return an array",
                  "fullTitle": "difference.js tests Should an array with values where the second Array’s values will be excluded from the return value should return an array",
                  "timedOut": false,
                  "duration": 0,
                  "state": "passed",
                  "speed": "fast",
                  "pass": true,
                  "fail": false,
                  "pending": false,
                  "context": null,
                  "code": "assert.isArray(difference(), Array);",
                  "err": {},
                  "uuid": "9660b906-5a35-476c-bd26-4cd1d5f70de8",
                  "parentUUID": "1f41790f-4390-464e-a92b-613a54936a89",
                  "isHook": false,
                  "skipped": false
                }
              ],
              "suites": [],
              "passes": [
                "f446c9a0-90ff-48e4-91f6-eb84f69acaaa",
                "6ee0244a-1aa2-448a-ad5f-e2f655486517",
                "3ee1dc58-ed69-422b-bed3-5d6d9722757c",
                "9660b906-5a35-476c-bd26-4cd1d5f70de8"
              ],
              "failures": [],
              "pending": [],
              "skipped": [],
              "duration": 0,
              "root": false,
              "rootEmpty": false,
              "_timeout": 2000
            }
          ],
          "passes": [],
          "failures": [],
          "pending": [],
          "skipped": [],
          "duration": 0,
          "root": false,
          "rootEmpty": false,
          "_timeout": 2000
        },
        {
          "uuid": "72d940d2-5b90-4bea-b676-d43bb33e549e",
          "title": "divide.js tests",
          "fullFile": "C:\\Users\\n12445207\\qut-software-testing\\test\\divide.test.js",
          "file": "\\test\\divide.test.js",
          "beforeHooks": [],
          "afterHooks": [],
          "tests": [],
          "suites": [
            {
              "uuid": "af7c0989-7b0b-42fc-b767-a104455297b7",
              "title": "Dividend should be divided by Divisor and should return Quotient(Output)",
              "fullFile": "C:\\Users\\n12445207\\qut-software-testing\\test\\divide.test.js",
              "file": "\\test\\divide.test.js",
              "beforeHooks": [],
              "afterHooks": [],
              "tests": [
                {
                  "title": "should return 2.4 when 12 is divided by 5",
                  "fullTitle": "divide.js tests Dividend should be divided by Divisor and should return Quotient(Output) should return 2.4 when 12 is divided by 5",
                  "timedOut": false,
                  "duration": 1,
                  "state": "failed",
                  "speed": null,
                  "pass": false,
                  "fail": true,
                  "pending": false,
                  "context": null,
                  "code": "const expectedResult = 2.4;\nassert.strictEqual(divide(12,5), expectedResult);",
                  "err": {
                    "message": "AssertionError: expected 1 to equal 2.4",
                    "estack": "AssertionError: expected 1 to equal 2.4\n    at Context.<anonymous> (file:///C:/Users/n12445207/qut-software-testing/test/divide.test.js:19:24)\n    at process.processImmediate (node:internal/timers:504:21)",
                    "diff": "- 1\n+ 2.4\n"
                  },
                  "uuid": "94144859-ffac-4af7-bea7-6a063b75e212",
                  "parentUUID": "af7c0989-7b0b-42fc-b767-a104455297b7",
                  "isHook": false,
                  "skipped": false
                },
                {
[...]
                  "err": {},
                  "uuid": "d31c580a-3e00-4dcc-8823-9046fcea3097",
                  "parentUUID": "a1fca9e7-8d7d-44cf-b9fe-f88f265c671e",
                  "isHook": false,
                  "skipped": false
                },
                {
                  "title": "Should return NaN when input is a Symbol",
                  "fullTitle": "toNumber.js tests Should return integer Should return NaN when input is a Symbol",
                  "timedOut": false,
                  "duration": 0,
                  "state": "passed",
                  "speed": "fast",
                  "pass": true,
                  "fail": false,
                  "pending": false,
                  "context": null,
                  "code": "assert.isNaN(toNumber(Symbol(\"abba\")));",
                  "err": {},
                  "uuid": "2d59cc24-5ee3-44bd-a2d5-c856afedcdca",
                  "parentUUID": "a1fca9e7-8d7d-44cf-b9fe-f88f265c671e",
                  "isHook": false,
                  "skipped": false
                },
                {
                  "title": "Should return NaN when input is an empty function",
                  "fullTitle": "toNumber.js tests Should return integer Should return NaN when input is an empty function",
                  "timedOut": false,
                  "duration": 0,
                  "state": "passed",
                  "speed": "fast",
                  "pass": true,
                  "fail": false,
                  "pending": false,
                  "context": null,
                  "code": "assert.isNaN(toNumber(new function() {}));",
                  "err": {},
                  "uuid": "ccc072a9-49d0-4379-9e5b-2f81bbfda281",
                  "parentUUID": "a1fca9e7-8d7d-44cf-b9fe-f88f265c671e",
                  "isHook": false,
                  "skipped": false
                },
                {
                  "title": "Should return NaN when the input is an object with no numbers",
                  "fullTitle": "toNumber.js tests Should return integer Should return NaN when the input is an object with no numbers",
                  "timedOut": false,
                  "duration": 0,
                  "state": "passed",
                  "speed": "fast",
                  "pass": true,
                  "fail": false,
                  "pending": false,
                  "context": null,
                  "code": "assert.isNaN(toNumber({'a': 'b'}));",
                  "err": {},
                  "uuid": "72ac32a9-6def-49db-b750-40dd3d210606",
                  "parentUUID": "a1fca9e7-8d7d-44cf-b9fe-f88f265c671e",
                  "isHook": false,
                  "skipped": false
                },
                {
                  "title": "Should return NaN when input is undefined or null",
                  "fullTitle": "toNumber.js tests Should return integer Should return NaN when input is undefined or null",
                  "timedOut": false,
                  "duration": 0,
                  "state": "failed",
                  "speed": null,
                  "pass": false,
                  "fail": true,
                  "pending": false,
                  "context": null,
                  "code": "assert.isNaN(toNumber(undefined));\nassert.isNaN(toNumber(null));",
                  "err": {
                    "message": "AssertionError: expected 0 to be NaN",
                    "estack": "AssertionError: expected 0 to be NaN\n    at Context.<anonymous> (file:///C:/Users/n12445207/qut-software-testing/test/toNumber.test.js:62:20)\n    at process.processImmediate (node:internal/timers:504:21)",
                    "diff": null
                  },
                  "uuid": "3305eb7c-dd9f-4eb2-b4b5-daaffe2ac11e",
                  "parentUUID": "a1fca9e7-8d7d-44cf-b9fe-f88f265c671e",
                  "isHook": false,
                  "skipped": false
                }
              ],
              "suites": [],
              "passes": [
                "53e45d29-2d77-4acb-844b-e62a6d756188",
                "c2612671-dcc3-475e-9505-386a038c2451",
                "e26a044e-5184-4ef9-94ee-39090bb1001f",
                "9985ae29-a386-4ea8-80f6-c000874eb90e",
                "b69ceeae-0b3a-4ef0-9083-a9b44c9e5581",
                "e6cdad60-d96d-4501-8f58-7641d4f76e1f",
                "91477ee1-1003-40f7-a1ce-0f79782fdaeb",
                "d31c580a-3e00-4dcc-8823-9046fcea3097",
                "2d59cc24-5ee3-44bd-a2d5-c856afedcdca",
                "ccc072a9-49d0-4379-9e5b-2f81bbfda281",
                "72ac32a9-6def-49db-b750-40dd3d210606"
              ],
              "failures": [
                "3305eb7c-dd9f-4eb2-b4b5-daaffe2ac11e"
              ],
              "pending": [],
              "skipped": [],
              "duration": 2,
              "root": false,
              "rootEmpty": false,
              "_timeout": 2000
            }
          ],
          "passes": [],
          "failures": [],
          "pending": [],
          "skipped": [],
          "duration": 0,
          "root": false,
          "rootEmpty": false,
          "_timeout": 2000
        },
        {
          "uuid": "0dda7470-1cb3-4628-b906-50e7c9ab4abb",
          "title": "toString.js tests",
          "fullFile": "C:\\Users\\n12445207\\qut-software-testing\\test\\toString.test.js",
          "file": "\\test\\toString.test.js",
          "beforeHooks": [],
          "afterHooks": [],
          "tests": [
            {
              "title": "Should always return a string",
              "fullTitle": "toString.js tests Should always return a string",
              "timedOut": false,
              "duration": 0,
              "state": "passed",
              "speed": "fast",
              "pass": true,
              "fail": false,
              "pending": false,
              "context": null,
              "code": "assert.isString(toString(null));\nassert.isString(toString(undefined));",
              "err": {},
              "uuid": "f1c0d788-842e-461d-950e-40c1e4168f11",
              "parentUUID": "0dda7470-1cb3-4628-b906-50e7c9ab4abb",
              "isHook": false,
              "skipped": false
            },
            {
              "title": "Should return empty string from null values",
              "fullTitle": "toString.js tests Should return empty string from null values",
              "timedOut": false,
              "duration": 0,
              "state": "failed",
              "speed": null,
              "pass": false,
              "fail": true,
              "pending": false,
              "context": null,
              "code": "assert.equal(toString(null), \"\");",
              "err": {
                "message": "AssertionError: expected 'null' to equal ''",
                "estack": "AssertionError: expected 'null' to equal ''\n    at Context.<anonymous> (file:///C:/Users/n12445207/qut-software-testing/test/toString.test.js:17:12)\n    at process.processImmediate (node:internal/timers:504:21)",
                "diff": "- null\n"
              },
              "uuid": "8dd0ed1c-0a4a-4143-9bcd-004909526c23",
              "parentUUID": "0dda7470-1cb3-4628-b906-50e7c9ab4abb",
              "isHook": false,
              "skipped": false
            },
            {
              "title": "Should return array values as a string",
              "fullTitle": "toString.js tests Should return array values as a string",
              "timedOut": false,
              "duration": 0,
              "state": "passed",
              "speed": "fast",
              "pass": true,
              "fail": false,
              "pending": false,
              "context": null,
              "code": "assert.strictEqual(toString([1, 2, 3, 4]), \"1,2,3,4\");",
              "err": {},
              "uuid": "9c19f552-1ea4-4628-a93c-759e5e3d4c0b",
              "parentUUID": "0dda7470-1cb3-4628-b906-50e7c9ab4abb",
              "isHook": false,
              "skipped": false
            },
            {
              "title": "Should return string with commas only from null array values",
              "fullTitle": "toString.js tests Should return string with commas only from null array values",
              "timedOut": false,
              "duration": 0,
              "state": "passed",
              "speed": "fast",
              "pass": true,
              "fail": false,
              "pending": false,
              "context": null,
              "code": "assert.strictEqual(toString([null, undefined, null]), \",,\");",
              "err": {},
              "uuid": "d5fe87aa-2ec1-4f77-80d3-08d284dba1cb",
              "parentUUID": "0dda7470-1cb3-4628-b906-50e7c9ab4abb",
              "isHook": false,
              "skipped": false
            },
            {
              "title": "Should return number as a string, preserving sign of -0",
              "fullTitle": "toString.js tests Should return number as a string, preserving sign of -0",
              "timedOut": false,
              "duration": 0,
              "state": "passed",
              "speed": "fast",
              "pass": true,
              "fail": false,
              "pending": false,
              "context": null,
              "code": "assert.strictEqual(toString(Number(-0)), \"-0\");",
              "err": {},
              "uuid": "306d10ae-ece2-438c-ac7e-1472c8791cb4",
              "parentUUID": "0dda7470-1cb3-4628-b906-50e7c9ab4abb",
              "isHook": false,
              "skipped": false
            },
            {
              "title": "Should return max safe integer as a string",
              "fullTitle": "toString.js tests Should return max safe integer as a string",
              "timedOut": false,
              "duration": 0,
              "state": "passed",
              "speed": "fast",
              "pass": true,
              "fail": false,
              "pending": false,
              "context": null,
              "code": "const maxSafeIntString = Number.MAX_SAFE_INTEGER.toString();\nassert.strictEqual(toString(Number.MAX_SAFE_INTEGER), maxSafeIntString);",
              "err": {},
              "uuid": "34be9188-3ccf-4f45-9922-2f9eb47e7b3f",
              "parentUUID": "0dda7470-1cb3-4628-b906-50e7c9ab4abb",
              "isHook": false,
              "skipped": false
            },
            {
              "title": "Should return string from symbol",
              "fullTitle": "toString.js tests Should return string from symbol",
              "timedOut": false,
              "duration": 0,
              "state": "passed",
              "speed": "fast",
              "pass": true,
              "fail": false,
              "pending": false,
              "context": null,
              "code": "assert.strictEqual(toString(Symbol(\"abba\")), \"Symbol(abba)\");",
              "err": {},
              "uuid": "4c3d6e65-07ae-4dc8-a4d3-6d08f3364876",
              "parentUUID": "0dda7470-1cb3-4628-b906-50e7c9ab4abb",
              "isHook": false,
              "skipped": false
            },
            {
              "title": "Should return same string from string",
              "fullTitle": "toString.js tests Should return same string from string",
              "timedOut": false,
              "duration": 0,
              "state": "passed",
              "speed": "fast",
              "pass": true,
              "fail": false,
              "pending": false,
              "context": null,
              "code": "const abba = \"abba\";\nassert.strictEqual(toString(abba), abba);",
              "err": {},
              "uuid": "b08e1b0d-e65e-4a7f-a796-077784dfd7fd",
              "parentUUID": "0dda7470-1cb3-4628-b906-50e7c9ab4abb",
              "isHook": false,
              "skipped": false
            }
          ],
          "suites": [],
          "passes": [
            "f1c0d788-842e-461d-950e-40c1e4168f11",
            "9c19f552-1ea4-4628-a93c-759e5e3d4c0b",
            "d5fe87aa-2ec1-4f77-80d3-08d284dba1cb",
            "306d10ae-ece2-438c-ac7e-1472c8791cb4",
            "34be9188-3ccf-4f45-9922-2f9eb47e7b3f",
            "4c3d6e65-07ae-4dc8-a4d3-6d08f3364876",
            "b08e1b0d-e65e-4a7f-a796-077784dfd7fd"
          ],
          "failures": [
            "8dd0ed1c-0a4a-4143-9bcd-004909526c23"
          ],
          "pending": [],
          "skipped": [],
          "duration": 0,
          "root": false,
          "rootEmpty": false,
          "_timeout": 2000
        },
        {
          "uuid": "e45a4f7f-7127-4bfd-974a-233706663f7e",
          "title": "words.js tests",
          "fullFile": "C:\\Users\\n12445207\\qut-software-testing\\test\\words.test.js",
          "file": "\\test\\words.test.js",
          "beforeHooks": [],
          "afterHooks": [],
          "tests": [
            {
              "title": "Should return words of the string in an array with extra patterns",
              "fullTitle": "words.js tests Should return words of the string in an array with extra patterns",
              "timedOut": false,
              "duration": 1,
              "state": "passed",
              "speed": "fast",
              "pass": true,
              "fail": false,
              "pending": false,
              "context": null,
              "code": "const s = \"I like turtles ! &\";\nconst desiredArr = [\"I\", \"like\", \"turtles\"];\nconst returnVal = words(s);\nassert.deepEqual(returnVal, desiredArr);",
              "err": {},
              "uuid": "a009250c-c1b9-4397-abb4-8f4913cdeafc",
              "parentUUID": "e45a4f7f-7127-4bfd-974a-233706663f7e",
              "isHook": false,
              "skipped": false
            },
            {
              "title": "Should return words of the string in an array",
              "fullTitle": "words.js tests Should return words of the string in an array",
              "timedOut": false,
              "duration": 0,
              "state": "passed",
              "speed": "fast",
              "pass": true,
              "fail": false,
              "pending": false,
              "context": null,
              "code": "const s = \"I like turtles\";\nconst desiredArr = [\"I\", \"like\", \"turtles\"];\nconst returnVal = words(s);\nassert.deepEqual(returnVal, desiredArr);",
              "err": {},
              "uuid": "ad047ddf-bcb8-473f-92aa-783497e56fd4",
              "parentUUID": "e45a4f7f-7127-4bfd-974a-233706663f7e",
              "isHook": false,
              "skipped": false
            },
            {
              "title": "Should return words and desired RegExp pattern of the string in an array",
              "fullTitle": "words.js tests Should return words and desired RegExp pattern of the string in an array",
              "timedOut": false,
              "duration": 0,
              "state": "failed",
              "speed": null,
              "pass": false,
              "fail": true,
              "pending": false,
              "context": null,
              "code": "const s = \"I like & love turtles !\";\nconst desiredArr = [\"I\", \"like\", \"&\", \"love\", \"turtles\"];\nconst regExp = new RegExp(/&/);\nconst returnVal = words(s, regExp);\nassert.deepEqual(returnVal, desiredArr);",
              "err": {
                "message": "AssertionError: expected [ Array(1) ] to deeply equal [ 'I', 'like', '&', 'love', 'turtles' ]",
                "estack": "AssertionError: expected [ Array(1) ] to deeply equal [ 'I', 'like', '&', 'love', 'turtles' ]\n    at Context.<anonymous> (file:///C:/Users/n12445207/qut-software-testing/test/words.test.js:36:12)\n    at process.processImmediate (node:internal/timers:504:21)",
                "diff": " [\n+   \"I\"\n+   \"like\"\n   \"&\"\n+   \"love\"\n+   \"turtles\"\n ]\n"
              },
              "uuid": "d12257c4-8052-4340-9a78-38ce55c64dd9",
              "parentUUID": "e45a4f7f-7127-4bfd-974a-233706663f7e",
              "isHook": false,
              "skipped": false
            },
            {
              "title": "Should return words and desired pattern of the string in an array with extra patterns",
              "fullTitle": "words.js tests Should return words and desired pattern of the string in an array with extra patterns",
              "timedOut": false,
              "duration": 0,
              "state": "failed",
              "speed": null,
              "pass": false,
              "fail": true,
              "pending": false,
              "context": null,
              "code": "const s = \"I like & love turtles \\\"!\\\"\";\nconst desiredArr = [\"I\", \"like\", \"&\", \"love\", \"turtles\"];\nconst regExp = new RegExp(\"/&/\");\nconst returnVal = words(s, regExp);\nassert.deepEqual(returnVal, desiredArr);",
              "err": {
                "message": "AssertionError: expected [] to deeply equal [ 'I', 'like', '&', 'love', 'turtles' ]",
                "estack": "AssertionError: expected [] to deeply equal [ 'I', 'like', '&', 'love', 'turtles' ]\n    at Context.<anonymous> (file:///C:/Users/n12445207/qut-software-testing/test/words.test.js:46:12)\n    at process.processImmediate (node:internal/timers:504:21)",
                "diff": "- []\n+ [\n+   \"I\"\n+   \"like\"\n+   \"&\"\n+   \"love\"\n+   \"turtles\"\n+ ]\n"
              },
              "uuid": "1d340bc4-4ade-47f6-93a1-8f5f4f8696db",
              "parentUUID": "e45a4f7f-7127-4bfd-974a-233706663f7e",
              "isHook": false,
              "skipped": false
            },
            {
              "title": "Should always return an array",
              "fullTitle": "words.js tests Should always return an array",
              "timedOut": false,
              "duration": 1,
              "state": "failed",
              "speed": null,
              "pass": false,
              "fail": true,
              "pending": false,
              "context": null,
              "code": "assert.isArray(words());\nassert.isArray(words(\"Jaba daba doo\", \"jaba\"));",
              "err": {
                "message": "TypeError: Cannot read properties of undefined (reading 'match')",
                "estack": "TypeError: Cannot read properties of undefined (reading 'match')\n    at asciiWords (file:///C:/Users/n12445207/qut-software-testing/src/words.js:11:17)\n    at words (file:///C:/Users/n12445207/qut-software-testing/src/words.js:32:68)\n    at Context.<anonymous> (file:///C:/Users/n12445207/qut-software-testing/test/words.test.js:50:20)\n    at process.processImmediate (node:internal/timers:504:21)",
                "diff": null
              },
              "uuid": "392158c7-94d5-46e8-b27b-8ba17cde118b",
              "parentUUID": "e45a4f7f-7127-4bfd-974a-233706663f7e",
              "isHook": false,
              "skipped": false
            }
          ],
          "suites": [],
          "passes": [
            "a009250c-c1b9-4397-abb4-8f4913cdeafc",
            "ad047ddf-bcb8-473f-92aa-783497e56fd4"
          ],
          "failures": [
            "d12257c4-8052-4340-9a78-38ce55c64dd9",
            "1d340bc4-4ade-47f6-93a1-8f5f4f8696db",
            "392158c7-94d5-46e8-b27b-8ba17cde118b"
          ],
          "pending": [],
          "skipped": [],
          "duration": 2,
          "root": false,
          "rootEmpty": false,
          "_timeout": 2000
        }
      ],
      "passes": [],
      "failures": [],
      "pending": [],
      "skipped": [],
      "duration": 0,
      "root": true,
      "rootEmpty": true,
      "_timeout": 2000
    }
  ],
  "meta": {
    "mocha": {
      "version": "8.2.1"
    },
    "mochawesome": {
      "options": {
        "quiet": false,
        "reportFilename": "mochawesome",
        "saveHtml": true,
        "saveJson": true,
        "consoleReporter": "spec",
        "useInlineDiffs": false,
        "code": true
      },
      "version": "6.2.1"
    },
    "marge": {
      "options": null,
      "version": "5.1.0"
    }
  }
}